  struct6.c
C:\Source\iot-c-2025\Work\C\Day5\struct6.c(12,8): error C2061: 구문 오류: 식별자 'exchange'
C:\Source\iot-c-2025\Work\C\Day5\struct6.c(12,8): error C2059: 구문 오류: ';'
C:\Source\iot-c-2025\Work\C\Day5\struct6.c(17,9): error C2146: 구문 오류: ';'이(가) 'rot' 식별자 앞에 없습니다.
C:\Source\iot-c-2025\Work\C\Day5\struct6.c(17,9): error C2065: 'rot': 선언되지 않은 식별자입니다.
C:\Source\iot-c-2025\Work\C\Day5\struct6.c(20,23): error C2065: 'rot': 선언되지 않은 식별자입니다.
C:\Source\iot-c-2025\Work\C\Day5\struct6.c(20,27): error C2224: '.left' 왼쪽에는 구조체/공용 구조체 형식이 있어야 합니다.
C:\Source\iot-c-2025\Work\C\Day5\struct6.c(20,36): error C2065: 'rot': 선언되지 않은 식별자입니다.
C:\Source\iot-c-2025\Work\C\Day5\struct6.c(20,40): error C2224: '.right' 왼쪽에는 구조체/공용 구조체 형식이 있어야 합니다.
C:\Source\iot-c-2025\Work\C\Day5\struct6.c(20,10): warning C4473: 'scanf_s': 서식 문자열에 대한 인수가 충분하게 전달되지 않았습니다.
      C:\Source\iot-c-2025\Work\C\Day5\struct6.c(20,10):
      자리 표시자 및 해당 매개 변수에는 variadic 인수가 2개 필요하지만 0개가 제공되었습니다.
      C:\Source\iot-c-2025\Work\C\Day5\struct6.c(20,10):
      누락된 variadic 인수 1이(가) 서식 문자열 '%lf'에 필요합니다.
  
C:\Source\iot-c-2025\Work\C\Day5\struct6.c(21,2): error C2065: 'rot': 선언되지 않은 식별자입니다.
C:\Source\iot-c-2025\Work\C\Day5\struct6.c(21,8): warning C4013: 'exchange'이(가) 정의되지 않았습니다. extern은 int형을 반환하는 것으로 간주합니다.
C:\Source\iot-c-2025\Work\C\Day5\struct6.c(21,17): error C2065: 'rot': 선언되지 않은 식별자입니다.
C:\Source\iot-c-2025\Work\C\Day5\struct6.c(22,42): error C2065: 'rot': 선언되지 않은 식별자입니다.
C:\Source\iot-c-2025\Work\C\Day5\struct6.c(22,46): error C2224: '.left' 왼쪽에는 구조체/공용 구조체 형식이 있어야 합니다.
C:\Source\iot-c-2025\Work\C\Day5\struct6.c(22,52): error C2065: 'rot': 선언되지 않은 식별자입니다.
C:\Source\iot-c-2025\Work\C\Day5\struct6.c(22,56): error C2224: '.right' 왼쪽에는 구조체/공용 구조체 형식이 있어야 합니다.
C:\Source\iot-c-2025\Work\C\Day5\struct6.c(22,9): warning C4473: 'printf': 서식 문자열에 대한 인수가 충분하게 전달되지 않았습니다.
      C:\Source\iot-c-2025\Work\C\Day5\struct6.c(22,9):
      자리 표시자 및 해당 매개 변수에는 variadic 인수가 2개 필요하지만 0개가 제공되었습니다.
      C:\Source\iot-c-2025\Work\C\Day5\struct6.c(22,9):
      누락된 variadic 인수 1이(가) 서식 문자열 '%.1lf'에 필요합니다.
  
